[2019-01-20 02:26:50] main.ERROR: SQL error: Unknown column 'email1' in 'field list' [] []
[2019-01-20 02:26:50] main.ERROR: SQL query: INSERT INTO `clients` (`firstName`,`lastName`,`companyName`,`streetAddress`,`suiteOrAptNo`,`city`,`province`,`postalCode`,`phone`,`email1`,`password`) VALUES ('Jerry', 'Smith', 'asd', '234 boul st Laurent', '2', 'Montreal', 'QC', 'j3m 3l3', '5140000000', 'jerry.smith@abc.local', 'Asd123') [] []
[2019-01-20 03:49:43] main.ERROR: SQL error: You have an error in your SQL syntax; check the manual that corresponds to your MariaDB server version for the right syntax to use near '** FROM admins' at line 1 [] []
[2019-01-20 03:49:43] main.ERROR: SQL query: SELECT *** FROM admins [] []
[2019-01-23 02:13:19] main.ERROR: SQL error: Unknown column 'orderdetails.productId' in 'where clause' [] []
[2019-01-23 02:13:19] main.ERROR: SQL query: SELECT od.unitPrice, od.quantity, p.name, p.description FROM orderdetails as od, products as p WHERE orderdetails.productId = products.productId [] []
[2019-01-23 02:13:33] main.ERROR: SQL error: Unknown column 'orderdetails.productId' in 'where clause' [] []
[2019-01-23 02:13:33] main.ERROR: SQL query: SELECT od.unitPrice, od.quantity, p.name, p.description FROM orderdetails as od, products as p WHERE orderdetails.productId = products.productId [] []
[2019-01-23 02:14:22] main.ERROR: SQL error: Unknown column 'orderdetails.productId' in 'where clause' [] []
[2019-01-23 02:14:22] main.ERROR: SQL query: SELECT od.unitPrice, od.quantity, p.name, p.description FROM orderdetails as od, products as p WHERE orderdetails.productId = products.productId [] []
[2019-01-23 02:14:23] main.ERROR: SQL error: Unknown column 'orderdetails.productId' in 'where clause' [] []
[2019-01-23 02:14:23] main.ERROR: SQL query: SELECT od.unitPrice, od.quantity, p.name, p.description FROM orderdetails as od, products as p WHERE orderdetails.productId = products.productId [] []
[2019-01-23 02:14:24] main.ERROR: SQL error: Unknown column 'orderdetails.productId' in 'where clause' [] []
[2019-01-23 02:14:24] main.ERROR: SQL query: SELECT od.unitPrice, od.quantity, p.name, p.description FROM orderdetails as od, products as p WHERE orderdetails.productId = products.productId [] []
[2019-01-23 02:14:24] main.ERROR: SQL error: Unknown column 'orderdetails.productId' in 'where clause' [] []
[2019-01-23 02:14:24] main.ERROR: SQL query: SELECT od.unitPrice, od.quantity, p.name, p.description FROM orderdetails as od, products as p WHERE orderdetails.productId = products.productId [] []
[2019-01-23 02:14:25] main.ERROR: SQL error: Unknown column 'orderdetails.productId' in 'where clause' [] []
[2019-01-23 02:14:25] main.ERROR: SQL query: SELECT od.unitPrice, od.quantity, p.name, p.description FROM orderdetails as od, products as p WHERE orderdetails.productId = products.productId [] []
[2019-01-23 02:14:25] main.ERROR: SQL error: Unknown column 'orderdetails.productId' in 'where clause' [] []
[2019-01-23 02:14:25] main.ERROR: SQL query: SELECT od.unitPrice, od.quantity, p.name, p.description FROM orderdetails as od, products as p WHERE orderdetails.productId = products.productId [] []
[2019-01-23 02:14:25] main.ERROR: SQL error: Unknown column 'orderdetails.productId' in 'where clause' [] []
[2019-01-23 02:14:25] main.ERROR: SQL query: SELECT od.unitPrice, od.quantity, p.name, p.description FROM orderdetails as od, products as p WHERE orderdetails.productId = products.productId [] []
[2019-01-23 02:14:26] main.ERROR: SQL error: Unknown column 'orderdetails.productId' in 'where clause' [] []
[2019-01-23 02:14:26] main.ERROR: SQL query: SELECT od.unitPrice, od.quantity, p.name, p.description FROM orderdetails as od, products as p WHERE orderdetails.productId = products.productId [] []
[2019-01-23 02:16:29] main.ERROR: SQL error: Not unique table/alias: 'orderdetails' [] []
[2019-01-23 02:16:29] main.ERROR: SQL query: SELECT unitPrice, quantity, name, description FROM orderdetails, productsWHERE orderdetails.productId = products.productId [] []
[2019-01-23 02:16:39] main.ERROR: SQL error: Not unique table/alias: 'orderdetails' [] []
[2019-01-23 02:16:39] main.ERROR: SQL query: SELECT products.unitPrice, quantity, name, description FROM orderdetails, productsWHERE orderdetails.productId = products.productId [] []
[2019-01-23 20:44:25] main.ERROR: SQL error: Column 'productId' in field list is ambiguous [] []
[2019-01-23 20:44:25] main.ERROR: SQL query: SELECT orderdetails.orderDetailsId as ID, productId, orderId, quantity, name, img, description, requiredDeliveryDate FROM orders, orderdetails, products WHERE orderdetails.productId = products.productId AND orderdetails.orderId = orders.orderId [] []
